[19-May-2025 06:38:23 UTC] Database connection successful at 2025-05-19 06:38:23
[19-May-2025 06:39:19 UTC] Database connection successful at 2025-05-19 06:39:19
[19-May-2025 06:41:10 UTC] Database connection successful at 2025-05-19 06:41:10
[19-May-2025 06:42:56 UTC] Database connection successful at 2025-05-19 06:42:56
[19-May-2025 06:48:19 UTC] Database connection successful at 2025-05-19 06:48:19
[19-May-2025 06:48:32 UTC] Database connection successful at 2025-05-19 06:48:32
[19-May-2025 06:48:34 UTC] Database connection successful at 2025-05-19 06:48:34
[19-May-2025 06:48:36 UTC] Database connection successful at 2025-05-19 06:48:36
[19-May-2025 06:48:36 UTC] Database connection successful at 2025-05-19 06:48:36
[19-May-2025 06:48:37 UTC] Database connection successful at 2025-05-19 06:48:37
[19-May-2025 06:48:39 UTC] Database connection successful at 2025-05-19 06:48:39
[19-May-2025 06:48:41 UTC] Database connection successful at 2025-05-19 06:48:41
[19-May-2025 06:48:41 UTC] Database connection successful at 2025-05-19 06:48:41
[19-May-2025 06:48:45 UTC] Database connection successful at 2025-05-19 06:48:45
[19-May-2025 06:48:45 UTC] Database connection successful at 2025-05-19 06:48:45
[19-May-2025 06:48:46 UTC] Database connection successful at 2025-05-19 06:48:46
[19-May-2025 06:49:06 UTC] Database connection successful at 2025-05-19 06:49:06
[19-May-2025 06:49:09 UTC] Database connection successful at 2025-05-19 06:49:09
[19-May-2025 06:49:13 UTC] Database connection successful at 2025-05-19 06:49:13
[19-May-2025 06:49:13 UTC] Database connection successful at 2025-05-19 06:49:13
[19-May-2025 06:49:14 UTC] Database connection successful at 2025-05-19 06:49:14
[19-May-2025 06:49:28 UTC] Database connection successful at 2025-05-19 06:49:28
[19-May-2025 06:49:31 UTC] Database connection successful at 2025-05-19 06:49:31
[19-May-2025 06:49:33 UTC] Database connection successful at 2025-05-19 06:49:33
[19-May-2025 06:49:35 UTC] Database connection successful at 2025-05-19 06:49:35
[19-May-2025 06:49:35 UTC] Database connection successful at 2025-05-19 06:49:35
[19-May-2025 06:50:08 UTC] Database connection successful at 2025-05-19 06:50:08
[19-May-2025 06:50:09 UTC] Database connection successful at 2025-05-19 06:50:09
[19-May-2025 06:50:09 UTC] Database connection successful at 2025-05-19 06:50:09
[19-May-2025 06:52:10 UTC] Database connection successful at 2025-05-19 06:52:10
[19-May-2025 06:52:10 UTC] Error [2] Undefined variable $redirect on line 44 in file C:\laragon\www\TuThien\login_process.php
[19-May-2025 06:52:10 UTC] PHP Warning:  Undefined variable $redirect in C:\laragon\www\TuThien\login_process.php on line 44
[19-May-2025 06:52:11 UTC] Database connection successful at 2025-05-19 06:52:11
[19-May-2025 06:52:11 UTC] Database connection successful at 2025-05-19 06:52:11
[19-May-2025 06:53:14 UTC] Database connection successful at 2025-05-19 06:53:14
[19-May-2025 06:53:16 UTC] Database connection successful at 2025-05-19 06:53:16
[19-May-2025 06:53:16 UTC] Database connection successful at 2025-05-19 06:53:16
[19-May-2025 06:53:17 UTC] Database connection successful at 2025-05-19 06:53:17
[19-May-2025 06:53:19 UTC] Database connection successful at 2025-05-19 06:53:19
[19-May-2025 06:53:53 UTC] Database connection successful at 2025-05-19 06:53:53
[19-May-2025 06:53:54 UTC] Database connection successful at 2025-05-19 06:53:54
[19-May-2025 06:54:13 UTC] Database connection successful at 2025-05-19 06:54:13
[19-May-2025 06:54:14 UTC] Database connection successful at 2025-05-19 06:54:14
[19-May-2025 06:54:14 UTC] Error [2] Undefined variable $redirect on line 44 in file C:\laragon\www\TuThien\login_process.php
[19-May-2025 06:54:14 UTC] PHP Warning:  Undefined variable $redirect in C:\laragon\www\TuThien\login_process.php on line 44
[19-May-2025 06:54:15 UTC] Database connection successful at 2025-05-19 06:54:15
[19-May-2025 06:54:15 UTC] Database connection successful at 2025-05-19 06:54:15
[19-May-2025 06:54:17 UTC] Database connection successful at 2025-05-19 06:54:17
[19-May-2025 06:54:19 UTC] Database connection successful at 2025-05-19 06:54:19
[19-May-2025 06:54:21 UTC] Database connection successful at 2025-05-19 06:54:21
[19-May-2025 06:54:23 UTC] Database connection successful at 2025-05-19 06:54:23
[19-May-2025 06:54:23 UTC] Database connection successful at 2025-05-19 06:54:23
[19-May-2025 06:54:26 UTC] Database connection successful at 2025-05-19 06:54:26
[19-May-2025 06:54:26 UTC] Database connection successful at 2025-05-19 06:54:26
[19-May-2025 06:54:29 UTC] Database connection successful at 2025-05-19 06:54:29
[19-May-2025 06:54:29 UTC] Database connection successful at 2025-05-19 06:54:29
[19-May-2025 06:54:33 UTC] Database connection successful at 2025-05-19 06:54:33
[19-May-2025 06:54:36 UTC] Database connection successful at 2025-05-19 06:54:36
[19-May-2025 06:54:36 UTC] Database connection successful at 2025-05-19 06:54:36
[19-May-2025 06:54:37 UTC] Database connection successful at 2025-05-19 06:54:37
[19-May-2025 06:54:37 UTC] Database connection successful at 2025-05-19 06:54:37
[19-May-2025 06:54:38 UTC] Database connection successful at 2025-05-19 06:54:38
[19-May-2025 06:54:38 UTC] Error [8] session_start(): Ignoring session_start() because a session is already active (started from C:\laragon\www\TuThien\config.php on line 13) on line 4 in file C:\laragon\www\TuThien\donation_history.php
[19-May-2025 06:54:38 UTC] PHP Notice:  session_start(): Ignoring session_start() because a session is already active (started from C:\laragon\www\TuThien\config.php on line 13) in C:\laragon\www\TuThien\donation_history.php on line 4
[19-May-2025 06:54:38 UTC] Session Debug - isLoggedIn: true
[19-May-2025 06:54:38 UTC] Session Debug - username: nhatanh8i
[19-May-2025 06:54:38 UTC] Session Debug - role: user
[19-May-2025 06:54:38 UTC] Database connection successful at 2025-05-19 06:54:38
[19-May-2025 06:55:01 UTC] Database connection successful at 2025-05-19 06:55:01
[19-May-2025 06:55:01 UTC] Database connection successful at 2025-05-19 06:55:01
[19-May-2025 06:55:03 UTC] Database connection successful at 2025-05-19 06:55:03
[19-May-2025 06:55:05 UTC] Database connection successful at 2025-05-19 06:55:05
[19-May-2025 06:55:05 UTC] Database connection successful at 2025-05-19 06:55:05
[19-May-2025 06:55:06 UTC] Database connection successful at 2025-05-19 06:55:06
[19-May-2025 06:56:18 UTC] Database connection successful at 2025-05-19 06:56:18
[19-May-2025 06:56:18 UTC] Database connection successful at 2025-05-19 06:56:18
[19-May-2025 06:56:19 UTC] Database connection successful at 2025-05-19 06:56:19
[19-May-2025 06:56:27 UTC] Database connection successful at 2025-05-19 06:56:27
[19-May-2025 06:56:27 UTC] Error [2] Undefined variable $redirect on line 44 in file C:\laragon\www\TuThien\login_process.php
[19-May-2025 06:56:27 UTC] PHP Warning:  Undefined variable $redirect in C:\laragon\www\TuThien\login_process.php on line 44
[19-May-2025 06:56:27 UTC] Database connection successful at 2025-05-19 06:56:27
[19-May-2025 06:56:27 UTC] Database connection successful at 2025-05-19 06:56:27
[19-May-2025 06:56:54 UTC] Database connection successful at 2025-05-19 06:56:54
[19-May-2025 06:56:54 UTC] Database connection successful at 2025-05-19 06:56:54
[19-May-2025 06:56:55 UTC] Database connection successful at 2025-05-19 06:56:55
[19-May-2025 06:57:01 UTC] Database connection successful at 2025-05-19 06:57:01
[19-May-2025 06:57:01 UTC] Error [2] Undefined variable $redirect on line 44 in file C:\laragon\www\TuThien\login_process.php
[19-May-2025 06:57:01 UTC] PHP Warning:  Undefined variable $redirect in C:\laragon\www\TuThien\login_process.php on line 44
[19-May-2025 06:57:01 UTC] Database connection successful at 2025-05-19 06:57:01
[19-May-2025 06:57:01 UTC] Database connection successful at 2025-05-19 06:57:01
[19-May-2025 06:57:06 UTC] Database connection successful at 2025-05-19 06:57:06
[19-May-2025 06:57:06 UTC] Database connection successful at 2025-05-19 06:57:06
[19-May-2025 06:57:10 UTC] Database connection successful at 2025-05-19 06:57:10
[19-May-2025 06:57:12 UTC] Database connection successful at 2025-05-19 06:57:12
[19-May-2025 06:57:12 UTC] Database connection successful at 2025-05-19 06:57:12
[19-May-2025 06:57:13 UTC] Database connection successful at 2025-05-19 06:57:13
[19-May-2025 06:57:13 UTC] Database connection successful at 2025-05-19 06:57:13
[19-May-2025 06:57:14 UTC] Database connection successful at 2025-05-19 06:57:14
[19-May-2025 06:57:15 UTC] Database connection successful at 2025-05-19 06:57:15
[19-May-2025 06:57:16 UTC] Database connection successful at 2025-05-19 06:57:16
[19-May-2025 06:57:16 UTC] Database connection successful at 2025-05-19 06:57:16
[19-May-2025 06:57:16 UTC] Database connection successful at 2025-05-19 06:57:16
[19-May-2025 06:57:19 UTC] Database connection successful at 2025-05-19 06:57:19
[19-May-2025 06:57:19 UTC] Database connection successful at 2025-05-19 06:57:19
[19-May-2025 06:57:20 UTC] Database connection successful at 2025-05-19 06:57:20
[19-May-2025 06:57:20 UTC] Error [8] session_start(): Ignoring session_start() because a session is already active (started from C:\laragon\www\TuThien\config.php on line 13) on line 4 in file C:\laragon\www\TuThien\donation_history.php
[19-May-2025 06:57:20 UTC] PHP Notice:  session_start(): Ignoring session_start() because a session is already active (started from C:\laragon\www\TuThien\config.php on line 13) in C:\laragon\www\TuThien\donation_history.php on line 4
[19-May-2025 06:57:20 UTC] Database connection successful at 2025-05-19 06:57:20
[19-May-2025 06:57:20 UTC] Database connection successful at 2025-05-19 06:57:20
[19-May-2025 06:57:22 UTC] Database connection successful at 2025-05-19 06:57:22
[19-May-2025 06:57:22 UTC] Database connection successful at 2025-05-19 06:57:22
[19-May-2025 06:57:25 UTC] Database connection successful at 2025-05-19 06:57:25
[19-May-2025 06:57:25 UTC] Error [8] session_start(): Ignoring session_start() because a session is already active (started from C:\laragon\www\TuThien\config.php on line 13) on line 4 in file C:\laragon\www\TuThien\donation_history.php
[19-May-2025 06:57:25 UTC] PHP Notice:  session_start(): Ignoring session_start() because a session is already active (started from C:\laragon\www\TuThien\config.php on line 13) in C:\laragon\www\TuThien\donation_history.php on line 4
[19-May-2025 06:57:25 UTC] Database connection successful at 2025-05-19 06:57:25
[19-May-2025 06:57:25 UTC] Database connection successful at 2025-05-19 06:57:25
[19-May-2025 06:57:26 UTC] Database connection successful at 2025-05-19 06:57:26
[19-May-2025 06:57:26 UTC] Database connection successful at 2025-05-19 06:57:26
[19-May-2025 06:57:29 UTC] Database connection successful at 2025-05-19 06:57:29
[19-May-2025 06:57:31 UTC] Database connection successful at 2025-05-19 06:57:31
[19-May-2025 06:57:31 UTC] Database connection successful at 2025-05-19 06:57:31
[19-May-2025 06:57:44 UTC] Database connection successful at 2025-05-19 06:57:44
[19-May-2025 06:57:46 UTC] Database connection successful at 2025-05-19 06:57:46
[19-May-2025 06:57:46 UTC] Error [2] Undefined variable $redirect on line 44 in file C:\laragon\www\TuThien\login_process.php
[19-May-2025 06:57:46 UTC] PHP Warning:  Undefined variable $redirect in C:\laragon\www\TuThien\login_process.php on line 44
[19-May-2025 06:57:46 UTC] Database connection successful at 2025-05-19 06:57:46
[19-May-2025 06:57:46 UTC] Database connection successful at 2025-05-19 06:57:46
[19-May-2025 06:57:47 UTC] Database connection successful at 2025-05-19 06:57:47
[19-May-2025 06:57:48 UTC] Database connection successful at 2025-05-19 06:57:48
[19-May-2025 06:57:50 UTC] Database connection successful at 2025-05-19 06:57:50
[19-May-2025 06:57:50 UTC] Database connection successful at 2025-05-19 06:57:50
[19-May-2025 06:57:55 UTC] Database connection successful at 2025-05-19 06:57:55
[19-May-2025 06:57:56 UTC] Database connection successful at 2025-05-19 06:57:56
[19-May-2025 06:57:56 UTC] Database connection successful at 2025-05-19 06:57:56
[19-May-2025 11:01:49 UTC] Database connection successful at 2025-05-19 11:01:49
[19-May-2025 11:01:50 UTC] Database connection successful at 2025-05-19 11:01:50
[19-May-2025 11:02:01 UTC] Database connection successful at 2025-05-19 11:02:01
[19-May-2025 11:02:01 UTC] Database connection successful at 2025-05-19 11:02:01
[19-May-2025 11:02:02 UTC] Database connection successful at 2025-05-19 11:02:02
[19-May-2025 11:02:02 UTC] Error [8] session_start(): Ignoring session_start() because a session is already active (started from C:\laragon\www\TuThien\config.php on line 13) on line 4 in file C:\laragon\www\TuThien\donation_history.php
[19-May-2025 11:02:02 UTC] PHP Notice:  session_start(): Ignoring session_start() because a session is already active (started from C:\laragon\www\TuThien\config.php on line 13) in C:\laragon\www\TuThien\donation_history.php on line 4
[19-May-2025 11:02:02 UTC] Database connection successful at 2025-05-19 11:02:02
[19-May-2025 11:02:02 UTC] Database connection successful at 2025-05-19 11:02:02
[19-May-2025 11:02:04 UTC] Database connection successful at 2025-05-19 11:02:04
[19-May-2025 11:02:04 UTC] Database connection successful at 2025-05-19 11:02:04
[19-May-2025 11:02:05 UTC] Database connection successful at 2025-05-19 11:02:05
[19-May-2025 11:02:07 UTC] Database connection successful at 2025-05-19 11:02:07
[19-May-2025 11:02:07 UTC] Error [2] Undefined variable $redirect on line 44 in file C:\laragon\www\TuThien\login_process.php
[19-May-2025 11:02:07 UTC] PHP Warning:  Undefined variable $redirect in C:\laragon\www\TuThien\login_process.php on line 44
[19-May-2025 11:02:07 UTC] Database connection successful at 2025-05-19 11:02:07
[19-May-2025 11:02:07 UTC] Database connection successful at 2025-05-19 11:02:07
[19-May-2025 11:02:12 UTC] Database connection successful at 2025-05-19 11:02:12
[19-May-2025 11:02:20 UTC] Database connection successful at 2025-05-19 11:02:20
[19-May-2025 11:02:20 UTC] Database connection successful at 2025-05-19 11:02:20
[19-May-2025 11:02:22 UTC] Database connection successful at 2025-05-19 11:02:22
[19-May-2025 11:02:31 UTC] Database connection successful at 2025-05-19 11:02:31
[19-May-2025 11:02:31 UTC] Error [2] Undefined variable $redirect on line 44 in file C:\laragon\www\TuThien\login_process.php
[19-May-2025 11:02:31 UTC] PHP Warning:  Undefined variable $redirect in C:\laragon\www\TuThien\login_process.php on line 44
[19-May-2025 11:02:32 UTC] Database connection successful at 2025-05-19 11:02:32
[19-May-2025 11:02:32 UTC] Database connection successful at 2025-05-19 11:02:32
[19-May-2025 11:04:55 UTC] Database connection successful at 2025-05-19 11:04:55
[19-May-2025 11:04:55 UTC] Error [8] session_start(): Ignoring session_start() because a session is already active (started from C:\laragon\www\TuThien\config.php on line 13) on line 4 in file C:\laragon\www\TuThien\donation_history.php
[19-May-2025 11:04:55 UTC] PHP Notice:  session_start(): Ignoring session_start() because a session is already active (started from C:\laragon\www\TuThien\config.php on line 13) in C:\laragon\www\TuThien\donation_history.php on line 4
[19-May-2025 11:04:55 UTC] Session Debug - isLoggedIn: true
[19-May-2025 11:04:55 UTC] Session Debug - username: nhatanh8i
[19-May-2025 11:04:55 UTC] Session Debug - role: user
[19-May-2025 11:04:55 UTC] Database connection successful at 2025-05-19 11:04:55
[19-May-2025 11:05:01 UTC] Database connection successful at 2025-05-19 11:05:01
[19-May-2025 11:05:01 UTC] Database connection successful at 2025-05-19 11:05:01
[19-May-2025 11:05:01 UTC] Database connection successful at 2025-05-19 11:05:01
[19-May-2025 11:05:02 UTC] Database connection successful at 2025-05-19 11:05:02
[19-May-2025 11:05:03 UTC] Database connection successful at 2025-05-19 11:05:03
[19-May-2025 11:05:03 UTC] Database connection successful at 2025-05-19 11:05:03
[19-May-2025 11:05:04 UTC] Database connection successful at 2025-05-19 11:05:04
[19-May-2025 11:05:05 UTC] Database connection successful at 2025-05-19 11:05:05
[19-May-2025 11:05:08 UTC] Database connection successful at 2025-05-19 11:05:08
[19-May-2025 11:05:08 UTC] Database connection successful at 2025-05-19 11:05:08
[19-May-2025 11:05:09 UTC] Database connection successful at 2025-05-19 11:05:09
[19-May-2025 11:05:11 UTC] Database connection successful at 2025-05-19 11:05:11
[19-May-2025 11:05:11 UTC] Error [8] session_start(): Ignoring session_start() because a session is already active (started from C:\laragon\www\TuThien\config.php on line 13) on line 4 in file C:\laragon\www\TuThien\donation_history.php
[19-May-2025 11:05:11 UTC] PHP Notice:  session_start(): Ignoring session_start() because a session is already active (started from C:\laragon\www\TuThien\config.php on line 13) in C:\laragon\www\TuThien\donation_history.php on line 4
[19-May-2025 11:05:11 UTC] Session Debug - isLoggedIn: true
[19-May-2025 11:05:11 UTC] Session Debug - username: nhatanh8i
[19-May-2025 11:05:11 UTC] Session Debug - role: user
[19-May-2025 11:05:11 UTC] Database connection successful at 2025-05-19 11:05:11
[19-May-2025 11:05:17 UTC] Database connection successful at 2025-05-19 11:05:17
[19-May-2025 11:05:19 UTC] Database connection successful at 2025-05-19 11:05:19
[19-May-2025 11:05:19 UTC] Database connection successful at 2025-05-19 11:05:19
[19-May-2025 11:05:20 UTC] Database connection successful at 2025-05-19 11:05:20
[19-May-2025 11:05:29 UTC] Database connection successful at 2025-05-19 11:05:29
[19-May-2025 11:05:29 UTC] Error [2] Undefined variable $redirect on line 44 in file C:\laragon\www\TuThien\login_process.php
[19-May-2025 11:05:29 UTC] PHP Warning:  Undefined variable $redirect in C:\laragon\www\TuThien\login_process.php on line 44
[19-May-2025 11:05:30 UTC] Database connection successful at 2025-05-19 11:05:30
[19-May-2025 11:05:30 UTC] Database connection successful at 2025-05-19 11:05:30
[19-May-2025 11:05:50 UTC] Database connection successful at 2025-05-19 11:05:50
[19-May-2025 11:05:50 UTC] Database connection successful at 2025-05-19 11:05:50
[19-May-2025 11:05:51 UTC] Database connection successful at 2025-05-19 11:05:51
[19-May-2025 11:05:55 UTC] Database connection successful at 2025-05-19 11:05:55
[19-May-2025 11:05:55 UTC] Error [2] Undefined variable $redirect on line 44 in file C:\laragon\www\TuThien\login_process.php
[19-May-2025 11:05:55 UTC] PHP Warning:  Undefined variable $redirect in C:\laragon\www\TuThien\login_process.php on line 44
[19-May-2025 11:05:55 UTC] Database connection successful at 2025-05-19 11:05:55
[19-May-2025 11:05:55 UTC] Database connection successful at 2025-05-19 11:05:55
[19-May-2025 11:06:00 UTC] Database connection successful at 2025-05-19 11:06:00
[19-May-2025 11:06:00 UTC] Database connection successful at 2025-05-19 11:06:00
[19-May-2025 11:06:01 UTC] Database connection successful at 2025-05-19 11:06:01
[19-May-2025 11:06:06 UTC] Database connection successful at 2025-05-19 11:06:06
[19-May-2025 11:06:06 UTC] Error [2] Undefined variable $redirect on line 44 in file C:\laragon\www\TuThien\login_process.php
[19-May-2025 11:06:06 UTC] PHP Warning:  Undefined variable $redirect in C:\laragon\www\TuThien\login_process.php on line 44
[19-May-2025 11:06:06 UTC] Database connection successful at 2025-05-19 11:06:06
[19-May-2025 11:06:06 UTC] Database connection successful at 2025-05-19 11:06:06
[19-May-2025 11:06:27 UTC] Database connection successful at 2025-05-19 11:06:27
[19-May-2025 11:06:27 UTC] Database connection successful at 2025-05-19 11:06:27
[19-May-2025 11:06:28 UTC] Database connection successful at 2025-05-19 11:06:28
[19-May-2025 11:06:30 UTC] Database connection successful at 2025-05-19 11:06:30
[19-May-2025 11:06:30 UTC] Error [2] Undefined variable $redirect on line 44 in file C:\laragon\www\TuThien\login_process.php
[19-May-2025 11:06:30 UTC] PHP Warning:  Undefined variable $redirect in C:\laragon\www\TuThien\login_process.php on line 44
[19-May-2025 11:06:31 UTC] Database connection successful at 2025-05-19 11:06:31
[19-May-2025 11:06:31 UTC] Database connection successful at 2025-05-19 11:06:31
[19-May-2025 11:07:10 UTC] Database connection successful at 2025-05-19 11:07:10
[19-May-2025 11:07:10 UTC] Database connection successful at 2025-05-19 11:07:10
[19-May-2025 11:07:12 UTC] Database connection successful at 2025-05-19 11:07:12
[19-May-2025 11:07:13 UTC] Database connection successful at 2025-05-19 11:07:13
[19-May-2025 11:07:13 UTC] Database connection successful at 2025-05-19 11:07:13
[19-May-2025 11:07:20 UTC] Database connection successful at 2025-05-19 11:07:20
[19-May-2025 11:07:22 UTC] Database connection successful at 2025-05-19 11:07:22
[19-May-2025 11:07:22 UTC] Error [2] Undefined variable $redirect on line 44 in file C:\laragon\www\TuThien\login_process.php
[19-May-2025 11:07:22 UTC] PHP Warning:  Undefined variable $redirect in C:\laragon\www\TuThien\login_process.php on line 44
[19-May-2025 11:07:22 UTC] Database connection successful at 2025-05-19 11:07:22
[19-May-2025 11:07:22 UTC] Database connection successful at 2025-05-19 11:07:22
[19-May-2025 11:07:23 UTC] Database connection successful at 2025-05-19 11:07:23
[19-May-2025 11:07:23 UTC] Error [8] session_start(): Ignoring session_start() because a session is already active (started from C:\laragon\www\TuThien\config.php on line 13) on line 4 in file C:\laragon\www\TuThien\donation_history.php
[19-May-2025 11:07:23 UTC] PHP Notice:  session_start(): Ignoring session_start() because a session is already active (started from C:\laragon\www\TuThien\config.php on line 13) in C:\laragon\www\TuThien\donation_history.php on line 4
[19-May-2025 11:07:23 UTC] Database connection successful at 2025-05-19 11:07:23
[19-May-2025 11:07:23 UTC] Database connection successful at 2025-05-19 11:07:23
[19-May-2025 11:07:25 UTC] Database connection successful at 2025-05-19 11:07:25
[19-May-2025 11:07:25 UTC] Database connection successful at 2025-05-19 11:07:25
[19-May-2025 11:07:26 UTC] Database connection successful at 2025-05-19 11:07:26
[19-May-2025 11:07:29 UTC] Database connection successful at 2025-05-19 11:07:29
[19-May-2025 11:07:29 UTC] Error [2] Undefined variable $redirect on line 44 in file C:\laragon\www\TuThien\login_process.php
[19-May-2025 11:07:29 UTC] PHP Warning:  Undefined variable $redirect in C:\laragon\www\TuThien\login_process.php on line 44
[19-May-2025 11:07:30 UTC] Database connection successful at 2025-05-19 11:07:30
[19-May-2025 11:07:30 UTC] Database connection successful at 2025-05-19 11:07:30
[19-May-2025 11:07:32 UTC] Database connection successful at 2025-05-19 11:07:32
[19-May-2025 11:07:32 UTC] Error [8] session_start(): Ignoring session_start() because a session is already active (started from C:\laragon\www\TuThien\config.php on line 13) on line 4 in file C:\laragon\www\TuThien\donation_history.php
[19-May-2025 11:07:32 UTC] PHP Notice:  session_start(): Ignoring session_start() because a session is already active (started from C:\laragon\www\TuThien\config.php on line 13) in C:\laragon\www\TuThien\donation_history.php on line 4
[19-May-2025 11:07:32 UTC] Session Debug - isLoggedIn: true
[19-May-2025 11:07:32 UTC] Session Debug - username: nhatanh8i
[19-May-2025 11:07:32 UTC] Session Debug - role: user
[19-May-2025 11:07:32 UTC] Database connection successful at 2025-05-19 11:07:32
[19-May-2025 11:07:34 UTC] Database connection successful at 2025-05-19 11:07:34
[19-May-2025 11:07:35 UTC] Database connection successful at 2025-05-19 11:07:35
[19-May-2025 11:07:37 UTC] Database connection successful at 2025-05-19 11:07:37
[19-May-2025 11:07:38 UTC] Database connection successful at 2025-05-19 11:07:38
[19-May-2025 11:07:39 UTC] Database connection successful at 2025-05-19 11:07:39
[19-May-2025 11:07:39 UTC] Database connection successful at 2025-05-19 11:07:39
[19-May-2025 11:07:40 UTC] Database connection successful at 2025-05-19 11:07:40
[19-May-2025 11:07:41 UTC] Database connection successful at 2025-05-19 11:07:41
[19-May-2025 11:07:42 UTC] Database connection successful at 2025-05-19 11:07:42
[19-May-2025 11:07:42 UTC] Database connection successful at 2025-05-19 11:07:42
[19-May-2025 11:07:42 UTC] Database connection successful at 2025-05-19 11:07:42
[19-May-2025 11:07:43 UTC] Database connection successful at 2025-05-19 11:07:43
[19-May-2025 11:07:43 UTC] Error [8] session_start(): Ignoring session_start() because a session is already active (started from C:\laragon\www\TuThien\config.php on line 13) on line 4 in file C:\laragon\www\TuThien\donation_history.php
[19-May-2025 11:07:43 UTC] PHP Notice:  session_start(): Ignoring session_start() because a session is already active (started from C:\laragon\www\TuThien\config.php on line 13) in C:\laragon\www\TuThien\donation_history.php on line 4
[19-May-2025 11:07:43 UTC] Session Debug - isLoggedIn: true
[19-May-2025 11:07:43 UTC] Session Debug - username: nhatanh8i
[19-May-2025 11:07:43 UTC] Session Debug - role: user
[19-May-2025 11:07:43 UTC] Database connection successful at 2025-05-19 11:07:43
[19-May-2025 11:07:44 UTC] Database connection successful at 2025-05-19 11:07:44
[19-May-2025 11:07:46 UTC] Database connection successful at 2025-05-19 11:07:46
[19-May-2025 11:07:48 UTC] Database connection successful at 2025-05-19 11:07:48
[19-May-2025 11:07:48 UTC] Database connection successful at 2025-05-19 11:07:48
[19-May-2025 11:07:51 UTC] Database connection successful at 2025-05-19 11:07:51
[19-May-2025 11:07:52 UTC] Database connection successful at 2025-05-19 11:07:52
[19-May-2025 11:07:52 UTC] Database connection successful at 2025-05-19 11:07:52
[19-May-2025 11:07:52 UTC] Database connection successful at 2025-05-19 11:07:52
[19-May-2025 11:08:07 UTC] Database connection successful at 2025-05-19 11:08:07
[19-May-2025 11:08:07 UTC] Database connection successful at 2025-05-19 11:08:07
[19-May-2025 11:09:20 UTC] Database connection successful at 2025-05-19 11:09:20
[19-May-2025 11:09:25 UTC] Database connection successful at 2025-05-19 11:09:25
[19-May-2025 11:09:31 UTC] Database connection successful at 2025-05-19 11:09:31
[19-May-2025 11:09:34 UTC] Database connection successful at 2025-05-19 11:09:34
[19-May-2025 11:09:41 UTC] Database connection successful at 2025-05-19 11:09:41
[19-May-2025 11:09:41 UTC] Database connection successful at 2025-05-19 11:09:41
[19-May-2025 11:09:50 UTC] Database connection successful at 2025-05-19 11:09:50
[19-May-2025 11:09:52 UTC] Database connection successful at 2025-05-19 11:09:52
[19-May-2025 11:09:52 UTC] Error [2] Undefined variable $redirect on line 44 in file C:\laragon\www\TuThien\login_process.php
[19-May-2025 11:09:52 UTC] PHP Warning:  Undefined variable $redirect in C:\laragon\www\TuThien\login_process.php on line 44
[19-May-2025 11:09:52 UTC] Database connection successful at 2025-05-19 11:09:52
[19-May-2025 11:09:52 UTC] Database connection successful at 2025-05-19 11:09:52
[19-May-2025 11:09:54 UTC] Database connection successful at 2025-05-19 11:09:54
[19-May-2025 11:10:18 UTC] Database connection successful at 2025-05-19 11:10:18
[19-May-2025 11:10:24 UTC] Database connection successful at 2025-05-19 11:10:24
[19-May-2025 11:10:24 UTC] Database connection successful at 2025-05-19 11:10:24
[19-May-2025 11:10:30 UTC] Database connection successful at 2025-05-19 11:10:30
[19-May-2025 11:10:30 UTC] Database connection successful at 2025-05-19 11:10:30
[19-May-2025 11:10:34 UTC] Database connection successful at 2025-05-19 11:10:34
[19-May-2025 11:10:34 UTC] Database connection successful at 2025-05-19 11:10:34
[19-May-2025 11:10:35 UTC] Database connection successful at 2025-05-19 11:10:35
[19-May-2025 11:10:35 UTC] Error [8] session_start(): Ignoring session_start() because a session is already active (started from C:\laragon\www\TuThien\config.php on line 13) on line 4 in file C:\laragon\www\TuThien\donation_history.php
[19-May-2025 11:10:35 UTC] PHP Notice:  session_start(): Ignoring session_start() because a session is already active (started from C:\laragon\www\TuThien\config.php on line 13) in C:\laragon\www\TuThien\donation_history.php on line 4
[19-May-2025 11:10:35 UTC] Session Debug - isLoggedIn: true
[19-May-2025 11:10:35 UTC] Session Debug - username: nhatanh8i
[19-May-2025 11:10:35 UTC] Session Debug - role: user
[19-May-2025 11:10:35 UTC] Database connection successful at 2025-05-19 11:10:35
[19-May-2025 11:10:36 UTC] Database connection successful at 2025-05-19 11:10:36
[19-May-2025 11:10:37 UTC] Database connection successful at 2025-05-19 11:10:37
[19-May-2025 11:10:37 UTC] Database connection successful at 2025-05-19 11:10:37
[19-May-2025 11:22:41 UTC] Database connection successful at 2025-05-19 11:22:41
[19-May-2025 11:22:41 UTC] Database connection successful at 2025-05-19 11:22:41
[19-May-2025 11:22:46 UTC] Database connection successful at 2025-05-19 11:22:46
[19-May-2025 11:22:46 UTC] Database connection successful at 2025-05-19 11:22:46
[19-May-2025 11:22:47 UTC] Database connection successful at 2025-05-19 11:22:47
[19-May-2025 11:22:47 UTC] Error [8] session_start(): Ignoring session_start() because a session is already active (started from C:\laragon\www\TuThien\config.php on line 13) on line 4 in file C:\laragon\www\TuThien\donation_history.php
[19-May-2025 11:22:47 UTC] PHP Notice:  session_start(): Ignoring session_start() because a session is already active (started from C:\laragon\www\TuThien\config.php on line 13) in C:\laragon\www\TuThien\donation_history.php on line 4
[19-May-2025 11:22:47 UTC] Database connection successful at 2025-05-19 11:22:47
[19-May-2025 11:22:47 UTC] Database connection successful at 2025-05-19 11:22:47
[19-May-2025 11:22:48 UTC] Database connection successful at 2025-05-19 11:22:48
[19-May-2025 11:22:48 UTC] Database connection successful at 2025-05-19 11:22:48
[19-May-2025 11:22:49 UTC] Database connection successful at 2025-05-19 11:22:49
[19-May-2025 11:22:49 UTC] Database connection successful at 2025-05-19 11:22:49
[19-May-2025 11:22:54 UTC] Database connection successful at 2025-05-19 11:22:54
[19-May-2025 11:22:54 UTC] Error [8] session_start(): Ignoring session_start() because a session is already active (started from C:\laragon\www\TuThien\config.php on line 13) on line 4 in file C:\laragon\www\TuThien\donation_history.php
[19-May-2025 11:22:54 UTC] PHP Notice:  session_start(): Ignoring session_start() because a session is already active (started from C:\laragon\www\TuThien\config.php on line 13) in C:\laragon\www\TuThien\donation_history.php on line 4
[19-May-2025 11:22:54 UTC] Database connection successful at 2025-05-19 11:22:54
[19-May-2025 11:22:54 UTC] Database connection successful at 2025-05-19 11:22:54
[19-May-2025 11:22:55 UTC] Database connection successful at 2025-05-19 11:22:55
[19-May-2025 11:22:55 UTC] Database connection successful at 2025-05-19 11:22:55
[19-May-2025 11:22:57 UTC] Database connection successful at 2025-05-19 11:22:57
[19-May-2025 11:22:57 UTC] Database connection successful at 2025-05-19 11:22:57
[19-May-2025 11:23:00 UTC] Database connection successful at 2025-05-19 11:23:00
[19-May-2025 11:23:00 UTC] Database connection successful at 2025-05-19 11:23:00
[19-May-2025 11:23:01 UTC] Database connection successful at 2025-05-19 11:23:01
[19-May-2025 11:23:03 UTC] Database connection successful at 2025-05-19 11:23:03
[19-May-2025 11:23:04 UTC] Error [2] Undefined variable $redirect on line 44 in file C:\laragon\www\TuThien\login_process.php
[19-May-2025 11:23:04 UTC] PHP Warning:  Undefined variable $redirect in C:\laragon\www\TuThien\login_process.php on line 44
[19-May-2025 11:23:04 UTC] Database connection successful at 2025-05-19 11:23:04
[19-May-2025 11:23:04 UTC] Database connection successful at 2025-05-19 11:23:04
[19-May-2025 11:23:06 UTC] Database connection successful at 2025-05-19 11:23:06
[19-May-2025 11:23:06 UTC] Database connection successful at 2025-05-19 11:23:06
[19-May-2025 11:23:07 UTC] Database connection successful at 2025-05-19 11:23:07
[19-May-2025 11:23:07 UTC] Error [8] session_start(): Ignoring session_start() because a session is already active (started from C:\laragon\www\TuThien\config.php on line 13) on line 4 in file C:\laragon\www\TuThien\donation_history.php
[19-May-2025 11:23:07 UTC] PHP Notice:  session_start(): Ignoring session_start() because a session is already active (started from C:\laragon\www\TuThien\config.php on line 13) in C:\laragon\www\TuThien\donation_history.php on line 4
[19-May-2025 11:23:07 UTC] Session Debug - isLoggedIn: true
[19-May-2025 11:23:07 UTC] Session Debug - username: nhatanh8i
[19-May-2025 11:23:07 UTC] Session Debug - role: user
[19-May-2025 11:23:07 UTC] Database connection successful at 2025-05-19 11:23:07
[19-May-2025 11:23:07 UTC] Database connection successful at 2025-05-19 11:23:07
[19-May-2025 11:23:07 UTC] Database connection successful at 2025-05-19 11:23:07
[19-May-2025 11:23:11 UTC] Database connection successful at 2025-05-19 11:23:11
[19-May-2025 11:23:15 UTC] Database connection successful at 2025-05-19 11:23:15
[19-May-2025 11:23:15 UTC] Database connection successful at 2025-05-19 11:23:15
[19-May-2025 11:23:16 UTC] Database connection successful at 2025-05-19 11:23:16
[19-May-2025 11:23:16 UTC] Error [8] session_start(): Ignoring session_start() because a session is already active (started from C:\laragon\www\TuThien\config.php on line 13) on line 4 in file C:\laragon\www\TuThien\donation_history.php
[19-May-2025 11:23:16 UTC] PHP Notice:  session_start(): Ignoring session_start() because a session is already active (started from C:\laragon\www\TuThien\config.php on line 13) in C:\laragon\www\TuThien\donation_history.php on line 4
[19-May-2025 11:23:16 UTC] Session Debug - isLoggedIn: true
[19-May-2025 11:23:16 UTC] Session Debug - username: nhatanh8i
[19-May-2025 11:23:16 UTC] Session Debug - role: user
[19-May-2025 11:23:16 UTC] Database connection successful at 2025-05-19 11:23:16
[19-May-2025 11:23:19 UTC] Database connection successful at 2025-05-19 11:23:19
[19-May-2025 11:23:19 UTC] Database connection successful at 2025-05-19 11:23:19
[19-May-2025 11:23:21 UTC] Database connection successful at 2025-05-19 11:23:21
[19-May-2025 11:23:21 UTC] Error [8] session_start(): Ignoring session_start() because a session is already active (started from C:\laragon\www\TuThien\config.php on line 13) on line 4 in file C:\laragon\www\TuThien\donation_history.php
[19-May-2025 11:23:21 UTC] PHP Notice:  session_start(): Ignoring session_start() because a session is already active (started from C:\laragon\www\TuThien\config.php on line 13) in C:\laragon\www\TuThien\donation_history.php on line 4
[19-May-2025 11:23:21 UTC] Session Debug - isLoggedIn: true
[19-May-2025 11:23:21 UTC] Session Debug - username: nhatanh8i
[19-May-2025 11:23:21 UTC] Session Debug - role: user
[19-May-2025 11:23:21 UTC] Database connection successful at 2025-05-19 11:23:21
[19-May-2025 11:23:23 UTC] Database connection successful at 2025-05-19 11:23:23
[19-May-2025 11:23:23 UTC] Database connection successful at 2025-05-19 11:23:23
[19-May-2025 11:26:05 UTC] Database connection successful at 2025-05-19 11:26:05
[19-May-2025 11:26:05 UTC] Database connection successful at 2025-05-19 11:26:05
[19-May-2025 11:26:06 UTC] Database connection successful at 2025-05-19 11:26:06
[19-May-2025 11:26:06 UTC] Database connection successful at 2025-05-19 11:26:06
[19-May-2025 11:26:07 UTC] Database connection successful at 2025-05-19 11:26:07
[19-May-2025 11:26:07 UTC] Error [8] session_start(): Ignoring session_start() because a session is already active (started from C:\laragon\www\TuThien\config.php on line 13) on line 4 in file C:\laragon\www\TuThien\donation_history.php
[19-May-2025 11:26:07 UTC] PHP Notice:  session_start(): Ignoring session_start() because a session is already active (started from C:\laragon\www\TuThien\config.php on line 13) in C:\laragon\www\TuThien\donation_history.php on line 4
[19-May-2025 11:26:07 UTC] Session Debug - isLoggedIn: true
[19-May-2025 11:26:07 UTC] Session Debug - username: nhatanh8i
[19-May-2025 11:26:07 UTC] Session Debug - role: user
[19-May-2025 11:26:07 UTC] Database connection successful at 2025-05-19 11:26:07
[19-May-2025 11:26:08 UTC] Database connection successful at 2025-05-19 11:26:08
[19-May-2025 11:26:08 UTC] Database connection successful at 2025-05-19 11:26:08
[19-May-2025 11:26:09 UTC] Database connection successful at 2025-05-19 11:26:09
[19-May-2025 11:26:09 UTC] Database connection successful at 2025-05-19 11:26:09
[19-May-2025 11:26:10 UTC] Database connection successful at 2025-05-19 11:26:10
[19-May-2025 11:26:10 UTC] Database connection successful at 2025-05-19 11:26:10
[19-May-2025 11:26:11 UTC] Database connection successful at 2025-05-19 11:26:11
[19-May-2025 11:26:11 UTC] Database connection successful at 2025-05-19 11:26:11
[19-May-2025 11:26:13 UTC] Database connection successful at 2025-05-19 11:26:13
[19-May-2025 11:26:13 UTC] Error [8] session_start(): Ignoring session_start() because a session is already active (started from C:\laragon\www\TuThien\config.php on line 13) on line 4 in file C:\laragon\www\TuThien\donation_history.php
[19-May-2025 11:26:13 UTC] PHP Notice:  session_start(): Ignoring session_start() because a session is already active (started from C:\laragon\www\TuThien\config.php on line 13) in C:\laragon\www\TuThien\donation_history.php on line 4
[19-May-2025 11:26:13 UTC] Session Debug - isLoggedIn: true
[19-May-2025 11:26:13 UTC] Session Debug - username: nhatanh8i
[19-May-2025 11:26:13 UTC] Session Debug - role: user
[19-May-2025 11:26:13 UTC] Database connection successful at 2025-05-19 11:26:13
[19-May-2025 11:26:15 UTC] Database connection successful at 2025-05-19 11:26:15
[19-May-2025 11:26:15 UTC] Database connection successful at 2025-05-19 11:26:15
[19-May-2025 11:26:16 UTC] Database connection successful at 2025-05-19 11:26:16
[19-May-2025 11:26:16 UTC] Error [8] session_start(): Ignoring session_start() because a session is already active (started from C:\laragon\www\TuThien\config.php on line 13) on line 4 in file C:\laragon\www\TuThien\donation_history.php
[19-May-2025 11:26:16 UTC] PHP Notice:  session_start(): Ignoring session_start() because a session is already active (started from C:\laragon\www\TuThien\config.php on line 13) in C:\laragon\www\TuThien\donation_history.php on line 4
[19-May-2025 11:26:16 UTC] Session Debug - isLoggedIn: true
[19-May-2025 11:26:16 UTC] Session Debug - username: nhatanh8i
[19-May-2025 11:26:16 UTC] Session Debug - role: user
[19-May-2025 11:26:16 UTC] Database connection successful at 2025-05-19 11:26:16
[19-May-2025 11:26:17 UTC] Database connection successful at 2025-05-19 11:26:17
[19-May-2025 11:26:17 UTC] Database connection successful at 2025-05-19 11:26:17
[19-May-2025 11:26:21 UTC] Database connection successful at 2025-05-19 11:26:21
[19-May-2025 11:26:23 UTC] Database connection successful at 2025-05-19 11:26:23
[19-May-2025 11:26:24 UTC] Database connection successful at 2025-05-19 11:26:24
[19-May-2025 11:26:24 UTC] Database connection successful at 2025-05-19 11:26:24
[19-May-2025 11:26:25 UTC] Database connection successful at 2025-05-19 11:26:25
[19-May-2025 11:26:26 UTC] Database connection successful at 2025-05-19 11:26:26
[19-May-2025 11:26:26 UTC] Database connection successful at 2025-05-19 11:26:26
[19-May-2025 11:26:28 UTC] Database connection successful at 2025-05-19 11:26:28
[19-May-2025 11:26:32 UTC] Database connection successful at 2025-05-19 11:26:32
[19-May-2025 11:26:32 UTC] Error [2] Undefined variable $redirect on line 44 in file C:\laragon\www\TuThien\login_process.php
[19-May-2025 11:26:32 UTC] PHP Warning:  Undefined variable $redirect in C:\laragon\www\TuThien\login_process.php on line 44
[19-May-2025 11:26:33 UTC] Database connection successful at 2025-05-19 11:26:33
[19-May-2025 11:26:33 UTC] Database connection successful at 2025-05-19 11:26:33
[19-May-2025 11:26:40 UTC] Database connection successful at 2025-05-19 11:26:40
[19-May-2025 11:26:40 UTC] Database connection successful at 2025-05-19 11:26:40
[19-May-2025 11:26:42 UTC] Database connection successful at 2025-05-19 11:26:42
[19-May-2025 11:26:50 UTC] Database connection successful at 2025-05-19 11:26:50
[19-May-2025 11:26:50 UTC] Error [2] Undefined variable $redirect on line 44 in file C:\laragon\www\TuThien\login_process.php
[19-May-2025 11:26:50 UTC] PHP Warning:  Undefined variable $redirect in C:\laragon\www\TuThien\login_process.php on line 44
[19-May-2025 11:26:50 UTC] Database connection successful at 2025-05-19 11:26:50
[19-May-2025 11:26:50 UTC] Database connection successful at 2025-05-19 11:26:50
[20-May-2025 12:59:26 UTC] Database connection successful at 2025-05-20 12:59:26
[20-May-2025 12:59:26 UTC] Database connection successful at 2025-05-20 12:59:26
[20-May-2025 12:59:30 UTC] Database connection successful at 2025-05-20 12:59:30
[20-May-2025 12:59:32 UTC] Database connection successful at 2025-05-20 12:59:32
[20-May-2025 12:59:32 UTC] Error [2] Undefined variable $redirect on line 44 in file C:\laragon\www\TuThien\login_process.php
[20-May-2025 12:59:32 UTC] PHP Warning:  Undefined variable $redirect in C:\laragon\www\TuThien\login_process.php on line 44
[20-May-2025 12:59:33 UTC] Database connection successful at 2025-05-20 12:59:33
[20-May-2025 12:59:33 UTC] Database connection successful at 2025-05-20 12:59:33
[20-May-2025 12:59:37 UTC] Database connection successful at 2025-05-20 12:59:37
[20-May-2025 12:59:37 UTC] Database connection successful at 2025-05-20 12:59:37
[20-May-2025 12:59:38 UTC] Database connection successful at 2025-05-20 12:59:38
[20-May-2025 12:59:41 UTC] Database connection successful at 2025-05-20 12:59:41
[20-May-2025 12:59:41 UTC] Error [2] Undefined variable $redirect on line 44 in file C:\laragon\www\TuThien\login_process.php
[20-May-2025 12:59:41 UTC] PHP Warning:  Undefined variable $redirect in C:\laragon\www\TuThien\login_process.php on line 44
[20-May-2025 12:59:42 UTC] Database connection successful at 2025-05-20 12:59:42
[20-May-2025 12:59:42 UTC] Database connection successful at 2025-05-20 12:59:42
[20-May-2025 12:59:54 UTC] Database connection successful at 2025-05-20 12:59:54
[20-May-2025 12:59:54 UTC] Database connection successful at 2025-05-20 12:59:54
[20-May-2025 12:59:56 UTC] Database connection successful at 2025-05-20 12:59:56
[20-May-2025 13:00:00 UTC] Database connection successful at 2025-05-20 13:00:00
[20-May-2025 13:00:01 UTC] Error [2] Undefined variable $redirect on line 44 in file C:\laragon\www\TuThien\login_process.php
[20-May-2025 13:00:01 UTC] PHP Warning:  Undefined variable $redirect in C:\laragon\www\TuThien\login_process.php on line 44
[20-May-2025 13:00:01 UTC] Database connection successful at 2025-05-20 13:00:01
[20-May-2025 13:00:01 UTC] Database connection successful at 2025-05-20 13:00:01
[20-May-2025 13:00:13 UTC] Database connection successful at 2025-05-20 13:00:13
[20-May-2025 13:00:13 UTC] Database connection successful at 2025-05-20 13:00:13
[20-May-2025 13:00:18 UTC] Database connection successful at 2025-05-20 13:00:18
[20-May-2025 13:00:22 UTC] Database connection successful at 2025-05-20 13:00:22
[20-May-2025 13:00:27 UTC] Database connection successful at 2025-05-20 13:00:27
[20-May-2025 13:00:27 UTC] Database connection successful at 2025-05-20 13:00:27
[20-May-2025 13:00:29 UTC] Database connection successful at 2025-05-20 13:00:29
[20-May-2025 13:00:29 UTC] Database connection successful at 2025-05-20 13:00:29
[25-May-2025 05:38:45 UTC] Database connection successful at 2025-05-25 05:38:45
[25-May-2025 05:38:45 UTC] Database connection successful at 2025-05-25 05:38:45
[25-May-2025 05:42:50 UTC] Database connection successful at 2025-05-25 05:42:50
[25-May-2025 05:42:57 UTC] Database connection successful at 2025-05-25 05:42:57
[25-May-2025 05:42:57 UTC] Error [2] Undefined variable $redirect on line 44 in file C:\laragon\www\TuThien\login_process.php
[25-May-2025 05:42:57 UTC] PHP Warning:  Undefined variable $redirect in C:\laragon\www\TuThien\login_process.php on line 44
[25-May-2025 05:42:58 UTC] Database connection successful at 2025-05-25 05:42:58
[25-May-2025 05:42:58 UTC] Database connection successful at 2025-05-25 05:42:58
[25-May-2025 05:43:28 UTC] Database connection successful at 2025-05-25 05:43:28
[25-May-2025 05:43:28 UTC] Database connection successful at 2025-05-25 05:43:28
[25-May-2025 05:46:24 UTC] Database connection successful at 2025-05-25 05:46:24
[25-May-2025 05:46:24 UTC] Database connection successful at 2025-05-25 05:46:24
[25-May-2025 05:46:40 UTC] Database connection successful at 2025-05-25 05:46:40
[25-May-2025 05:46:49 UTC] Database connection successful at 2025-05-25 05:46:49
[25-May-2025 05:46:49 UTC] Error [2] Undefined variable $redirect on line 44 in file C:\laragon\www\TuThien\login_process.php
[25-May-2025 05:46:49 UTC] PHP Warning:  Undefined variable $redirect in C:\laragon\www\TuThien\login_process.php on line 44
[25-May-2025 05:46:49 UTC] Database connection successful at 2025-05-25 05:46:49
[25-May-2025 05:46:49 UTC] Database connection successful at 2025-05-25 05:46:49
[25-May-2025 05:46:53 UTC] Database connection successful at 2025-05-25 05:46:53
[25-May-2025 05:46:55 UTC] Database connection successful at 2025-05-25 05:46:55
[25-May-2025 05:46:55 UTC] Database connection successful at 2025-05-25 05:46:55
[25-May-2025 05:46:56 UTC] Database connection successful at 2025-05-25 05:46:56
[25-May-2025 05:47:00 UTC] Database connection successful at 2025-05-25 05:47:00
[25-May-2025 05:47:01 UTC] Error [2] Undefined variable $redirect on line 44 in file C:\laragon\www\TuThien\login_process.php
[25-May-2025 05:47:01 UTC] PHP Warning:  Undefined variable $redirect in C:\laragon\www\TuThien\login_process.php on line 44
[25-May-2025 05:47:01 UTC] Database connection successful at 2025-05-25 05:47:01
[25-May-2025 05:47:01 UTC] Database connection successful at 2025-05-25 05:47:01
[25-May-2025 05:47:05 UTC] Database connection successful at 2025-05-25 05:47:05
[25-May-2025 05:47:05 UTC] Database connection successful at 2025-05-25 05:47:05
[25-May-2025 05:47:06 UTC] Database connection successful at 2025-05-25 05:47:06
[25-May-2025 05:47:10 UTC] Database connection successful at 2025-05-25 05:47:10
[25-May-2025 05:47:10 UTC] Error [2] Undefined variable $redirect on line 44 in file C:\laragon\www\TuThien\login_process.php
[25-May-2025 05:47:10 UTC] PHP Warning:  Undefined variable $redirect in C:\laragon\www\TuThien\login_process.php on line 44
[25-May-2025 05:47:11 UTC] Database connection successful at 2025-05-25 05:47:11
[25-May-2025 05:47:11 UTC] Database connection successful at 2025-05-25 05:47:11
[25-May-2025 05:47:17 UTC] Database connection successful at 2025-05-25 05:47:17
[25-May-2025 05:47:17 UTC] Database connection successful at 2025-05-25 05:47:17
[25-May-2025 05:47:18 UTC] Database connection successful at 2025-05-25 05:47:18
[25-May-2025 05:47:21 UTC] Database connection successful at 2025-05-25 05:47:21
[25-May-2025 05:47:21 UTC] Error [2] Undefined variable $redirect on line 44 in file C:\laragon\www\TuThien\login_process.php
[25-May-2025 05:47:21 UTC] PHP Warning:  Undefined variable $redirect in C:\laragon\www\TuThien\login_process.php on line 44
[25-May-2025 05:47:22 UTC] Database connection successful at 2025-05-25 05:47:22
[25-May-2025 05:47:22 UTC] Database connection successful at 2025-05-25 05:47:22
[25-May-2025 05:47:28 UTC] Database connection successful at 2025-05-25 05:47:28
[25-May-2025 05:47:28 UTC] Database connection successful at 2025-05-25 05:47:28
[25-May-2025 05:47:35 UTC] Database connection successful at 2025-05-25 05:47:35
[25-May-2025 05:47:35 UTC] Database connection successful at 2025-05-25 05:47:35
[25-May-2025 05:47:37 UTC] Database connection successful at 2025-05-25 05:47:37
[25-May-2025 05:47:38 UTC] Database connection successful at 2025-05-25 05:47:38
[25-May-2025 05:47:38 UTC] Error [2] Undefined variable $redirect on line 44 in file C:\laragon\www\TuThien\login_process.php
[25-May-2025 05:47:38 UTC] PHP Warning:  Undefined variable $redirect in C:\laragon\www\TuThien\login_process.php on line 44
[25-May-2025 05:47:39 UTC] Database connection successful at 2025-05-25 05:47:39
[25-May-2025 05:47:39 UTC] Database connection successful at 2025-05-25 05:47:39
[25-May-2025 05:47:48 UTC] Database connection successful at 2025-05-25 05:47:48
[25-May-2025 05:47:48 UTC] Database connection successful at 2025-05-25 05:47:48
[25-May-2025 05:47:49 UTC] Database connection successful at 2025-05-25 05:47:49
[25-May-2025 05:47:52 UTC] Database connection successful at 2025-05-25 05:47:52
[25-May-2025 05:47:52 UTC] Error [2] Undefined variable $redirect on line 44 in file C:\laragon\www\TuThien\login_process.php
[25-May-2025 05:47:52 UTC] PHP Warning:  Undefined variable $redirect in C:\laragon\www\TuThien\login_process.php on line 44
[25-May-2025 05:47:53 UTC] Database connection successful at 2025-05-25 05:47:53
[25-May-2025 05:47:53 UTC] Database connection successful at 2025-05-25 05:47:53
[25-May-2025 05:48:08 UTC] Database connection successful at 2025-05-25 05:48:08
[25-May-2025 05:48:08 UTC] Database connection successful at 2025-05-25 05:48:08
[25-May-2025 05:48:10 UTC] Database connection successful at 2025-05-25 05:48:10
[25-May-2025 05:48:13 UTC] Database connection successful at 2025-05-25 05:48:13
[25-May-2025 05:48:13 UTC] Error [2] Undefined variable $redirect on line 44 in file C:\laragon\www\TuThien\login_process.php
[25-May-2025 05:48:13 UTC] PHP Warning:  Undefined variable $redirect in C:\laragon\www\TuThien\login_process.php on line 44
[25-May-2025 05:48:13 UTC] Database connection successful at 2025-05-25 05:48:13
[25-May-2025 05:48:13 UTC] Database connection successful at 2025-05-25 05:48:13
[25-May-2025 05:48:14 UTC] Database connection successful at 2025-05-25 05:48:14
[25-May-2025 05:48:15 UTC] Database connection successful at 2025-05-25 05:48:15
[25-May-2025 05:48:18 UTC] Database connection successful at 2025-05-25 05:48:18
[25-May-2025 05:48:18 UTC] Error [8] session_start(): Ignoring session_start() because a session is already active (started from C:\laragon\www\TuThien\config.php on line 13) on line 4 in file C:\laragon\www\TuThien\donation_history.php
[25-May-2025 05:48:18 UTC] PHP Notice:  session_start(): Ignoring session_start() because a session is already active (started from C:\laragon\www\TuThien\config.php on line 13) in C:\laragon\www\TuThien\donation_history.php on line 4
[25-May-2025 05:48:18 UTC] Session Debug - isLoggedIn: true
[25-May-2025 05:48:18 UTC] Session Debug - username: nhatanh8i
[25-May-2025 05:48:18 UTC] Session Debug - role: user
[25-May-2025 05:48:18 UTC] Database connection successful at 2025-05-25 05:48:18
[25-May-2025 05:48:20 UTC] Database connection successful at 2025-05-25 05:48:20
[25-May-2025 05:48:20 UTC] Database connection successful at 2025-05-25 05:48:20
[25-May-2025 05:48:22 UTC] Database connection successful at 2025-05-25 05:48:22
[25-May-2025 05:48:23 UTC] Database connection successful at 2025-05-25 05:48:23
[25-May-2025 06:55:39 UTC] Database connection successful at 2025-05-25 06:55:39
[25-May-2025 06:55:39 UTC] Creating deposit transaction - User ID: 8, Amount: 4000000, Order ID: DEPOSIT_1748156139_3208
[25-May-2025 13:55:39 Asia/Ho_Chi_Minh] Generated VNPay URL for order: DEPOSIT_1748156139_3208
[25-May-2025 06:56:47 UTC] Database connection successful at 2025-05-25 06:56:47
[25-May-2025 06:56:47 UTC] Database connection successful at 2025-05-25 06:56:47
[25-May-2025 06:56:47 UTC] Database connection successful at 2025-05-25 06:56:47
[25-May-2025 06:56:47 UTC] Database connection successful at 2025-05-25 06:56:47
[25-May-2025 06:56:53 UTC] Database connection successful at 2025-05-25 06:56:53
[25-May-2025 06:56:53 UTC] Database connection successful at 2025-05-25 06:56:53
[25-May-2025 06:56:54 UTC] Database connection successful at 2025-05-25 06:56:54
[25-May-2025 06:56:56 UTC] Database connection successful at 2025-05-25 06:56:56
[25-May-2025 06:57:03 UTC] Database connection successful at 2025-05-25 06:57:03
[25-May-2025 06:57:06 UTC] Database connection successful at 2025-05-25 06:57:06
[25-May-2025 06:57:06 UTC] Error [2] Undefined variable $redirect on line 44 in file C:\laragon\www\TuThien\login_process.php
[25-May-2025 06:57:06 UTC] PHP Warning:  Undefined variable $redirect in C:\laragon\www\TuThien\login_process.php on line 44
[25-May-2025 06:57:06 UTC] Database connection successful at 2025-05-25 06:57:06
[25-May-2025 06:57:06 UTC] Database connection successful at 2025-05-25 06:57:06
[25-May-2025 06:57:51 UTC] Database connection successful at 2025-05-25 06:57:51
[25-May-2025 06:57:51 UTC] Database connection successful at 2025-05-25 06:57:51
[25-May-2025 06:57:53 UTC] Database connection successful at 2025-05-25 06:57:53
[25-May-2025 06:58:15 UTC] Database connection successful at 2025-05-25 06:58:15
[25-May-2025 06:58:18 UTC] Database connection successful at 2025-05-25 06:58:18
[25-May-2025 06:58:32 UTC] Database connection successful at 2025-05-25 06:58:32
[25-May-2025 06:58:34 UTC] Database connection successful at 2025-05-25 06:58:34
[25-May-2025 06:58:34 UTC] Database connection successful at 2025-05-25 06:58:34
[25-May-2025 06:58:36 UTC] Database connection successful at 2025-05-25 06:58:36
[25-May-2025 06:58:36 UTC] Database connection successful at 2025-05-25 06:58:36
[25-May-2025 06:58:37 UTC] Database connection successful at 2025-05-25 06:58:37
[25-May-2025 06:58:39 UTC] Database connection successful at 2025-05-25 06:58:39
[25-May-2025 06:58:41 UTC] Database connection successful at 2025-05-25 06:58:41
[25-May-2025 06:58:43 UTC] Database connection successful at 2025-05-25 06:58:43
[25-May-2025 06:58:50 UTC] Database connection successful at 2025-05-25 06:58:50
[25-May-2025 06:58:50 UTC] Database connection successful at 2025-05-25 06:58:50
[25-May-2025 07:00:09 UTC] Database connection successful at 2025-05-25 07:00:09
[25-May-2025 07:00:09 UTC] Database connection successful at 2025-05-25 07:00:09
[25-May-2025 07:00:13 UTC] Database connection successful at 2025-05-25 07:00:13
[25-May-2025 07:00:13 UTC] Database connection successful at 2025-05-25 07:00:13
[25-May-2025 07:00:26 UTC] Database connection successful at 2025-05-25 07:00:26
[25-May-2025 07:00:26 UTC] Database connection successful at 2025-05-25 07:00:26
[25-May-2025 07:00:29 UTC] Database connection successful at 2025-05-25 07:00:29
[25-May-2025 07:00:29 UTC] Database connection successful at 2025-05-25 07:00:29
[25-May-2025 07:00:35 UTC] Database connection successful at 2025-05-25 07:00:35
[25-May-2025 07:00:35 UTC] Database connection successful at 2025-05-25 07:00:35
[25-May-2025 07:00:43 UTC] Database connection successful at 2025-05-25 07:00:43
[25-May-2025 07:00:59 UTC] Database connection successful at 2025-05-25 07:00:59
[25-May-2025 07:01:01 UTC] Database connection successful at 2025-05-25 07:01:01
[25-May-2025 07:01:01 UTC] Database connection successful at 2025-05-25 07:01:01
[25-May-2025 07:01:51 UTC] Database connection successful at 2025-05-25 07:01:51
[25-May-2025 07:01:51 UTC] Database connection successful at 2025-05-25 07:01:51
[25-May-2025 07:01:52 UTC] Database connection successful at 2025-05-25 07:01:52
[25-May-2025 07:01:55 UTC] Database connection successful at 2025-05-25 07:01:55
[25-May-2025 07:01:55 UTC] Error [2] Undefined variable $redirect on line 44 in file C:\laragon\www\TuThien\login_process.php
[25-May-2025 07:01:55 UTC] PHP Warning:  Undefined variable $redirect in C:\laragon\www\TuThien\login_process.php on line 44
[25-May-2025 07:01:55 UTC] Database connection successful at 2025-05-25 07:01:55
[25-May-2025 07:01:55 UTC] Database connection successful at 2025-05-25 07:01:55
[25-May-2025 07:02:48 UTC] Database connection successful at 2025-05-25 07:02:48
[25-May-2025 07:02:48 UTC] Database connection successful at 2025-05-25 07:02:48
[25-May-2025 07:02:49 UTC] Database connection successful at 2025-05-25 07:02:49
[25-May-2025 07:02:52 UTC] Database connection successful at 2025-05-25 07:02:52
[25-May-2025 07:02:53 UTC] Error [2] Undefined variable $redirect on line 44 in file C:\laragon\www\TuThien\login_process.php
[25-May-2025 07:02:53 UTC] PHP Warning:  Undefined variable $redirect in C:\laragon\www\TuThien\login_process.php on line 44
[25-May-2025 07:02:53 UTC] Database connection successful at 2025-05-25 07:02:53
[25-May-2025 07:02:53 UTC] Database connection successful at 2025-05-25 07:02:53
[25-May-2025 07:03:27 UTC] Database connection successful at 2025-05-25 07:03:27
[25-May-2025 07:03:27 UTC] Database connection successful at 2025-05-25 07:03:27
[25-May-2025 07:03:29 UTC] Database connection successful at 2025-05-25 07:03:29
[25-May-2025 07:03:31 UTC] Database connection successful at 2025-05-25 07:03:31
[25-May-2025 07:03:31 UTC] Error [2] Undefined variable $redirect on line 44 in file C:\laragon\www\TuThien\login_process.php
[25-May-2025 07:03:31 UTC] PHP Warning:  Undefined variable $redirect in C:\laragon\www\TuThien\login_process.php on line 44
[25-May-2025 07:03:32 UTC] Database connection successful at 2025-05-25 07:03:32
[25-May-2025 07:03:32 UTC] Database connection successful at 2025-05-25 07:03:32
[25-May-2025 07:04:12 UTC] Database connection successful at 2025-05-25 07:04:12
[25-May-2025 07:04:12 UTC] Database connection successful at 2025-05-25 07:04:12
[25-May-2025 07:04:13 UTC] Database connection successful at 2025-05-25 07:04:13
[25-May-2025 07:04:16 UTC] Database connection successful at 2025-05-25 07:04:16
[25-May-2025 07:04:16 UTC] Error [2] Undefined variable $redirect on line 44 in file C:\laragon\www\TuThien\login_process.php
[25-May-2025 07:04:16 UTC] PHP Warning:  Undefined variable $redirect in C:\laragon\www\TuThien\login_process.php on line 44
[25-May-2025 07:04:17 UTC] Database connection successful at 2025-05-25 07:04:17
[25-May-2025 07:04:17 UTC] Database connection successful at 2025-05-25 07:04:17
[25-May-2025 07:04:20 UTC] Database connection successful at 2025-05-25 07:04:20
[25-May-2025 07:04:20 UTC] Database connection successful at 2025-05-25 07:04:20
[25-May-2025 07:04:21 UTC] Database connection successful at 2025-05-25 07:04:21
[25-May-2025 07:04:24 UTC] Database connection successful at 2025-05-25 07:04:24
[25-May-2025 07:04:24 UTC] Error [2] Undefined variable $redirect on line 44 in file C:\laragon\www\TuThien\login_process.php
[25-May-2025 07:04:24 UTC] PHP Warning:  Undefined variable $redirect in C:\laragon\www\TuThien\login_process.php on line 44
[25-May-2025 07:04:24 UTC] Database connection successful at 2025-05-25 07:04:24
[25-May-2025 07:04:24 UTC] Database connection successful at 2025-05-25 07:04:24
[25-May-2025 07:04:25 UTC] Database connection successful at 2025-05-25 07:04:25
[25-May-2025 07:04:27 UTC] Database connection successful at 2025-05-25 07:04:27
[25-May-2025 07:04:27 UTC] Database connection successful at 2025-05-25 07:04:27
[25-May-2025 07:04:27 UTC] Database connection successful at 2025-05-25 07:04:27
[25-May-2025 07:04:35 UTC] Database connection successful at 2025-05-25 07:04:35
[25-May-2025 07:04:35 UTC] Error [2] Undefined variable $redirect on line 44 in file C:\laragon\www\TuThien\login_process.php
[25-May-2025 07:04:35 UTC] PHP Warning:  Undefined variable $redirect in C:\laragon\www\TuThien\login_process.php on line 44
[25-May-2025 07:04:36 UTC] Database connection successful at 2025-05-25 07:04:36
[25-May-2025 07:04:36 UTC] Database connection successful at 2025-05-25 07:04:36
[25-May-2025 07:04:39 UTC] Database connection successful at 2025-05-25 07:04:39
[25-May-2025 07:04:46 UTC] Database connection successful at 2025-05-25 07:04:46
[25-May-2025 07:04:46 UTC] Error [8] session_start(): Ignoring session_start() because a session is already active (started from C:\laragon\www\TuThien\config.php on line 13) on line 4 in file C:\laragon\www\TuThien\donation_history.php
[25-May-2025 07:04:46 UTC] PHP Notice:  session_start(): Ignoring session_start() because a session is already active (started from C:\laragon\www\TuThien\config.php on line 13) in C:\laragon\www\TuThien\donation_history.php on line 4
[25-May-2025 07:04:46 UTC] Session Debug - isLoggedIn: true
[25-May-2025 07:04:46 UTC] Session Debug - username: nhatanh8i
[25-May-2025 07:04:46 UTC] Session Debug - role: user
[25-May-2025 07:04:46 UTC] Database connection successful at 2025-05-25 07:04:46
[25-May-2025 07:05:35 UTC] Database connection successful at 2025-05-25 07:05:35
[25-May-2025 07:05:37 UTC] Database connection successful at 2025-05-25 07:05:37
[25-May-2025 07:05:37 UTC] Database connection successful at 2025-05-25 07:05:37
[25-May-2025 07:05:38 UTC] Database connection successful at 2025-05-25 07:05:38
[25-May-2025 07:05:38 UTC] Database connection successful at 2025-05-25 07:05:38
[25-May-2025 07:05:39 UTC] Database connection successful at 2025-05-25 07:05:39
[25-May-2025 07:05:39 UTC] Database connection successful at 2025-05-25 07:05:39
[25-May-2025 07:06:05 UTC] Database connection successful at 2025-05-25 07:06:05
[25-May-2025 07:06:05 UTC] Database connection successful at 2025-05-25 07:06:05
[25-May-2025 07:06:23 UTC] Database connection successful at 2025-05-25 07:06:23
[25-May-2025 07:06:24 UTC] Database connection successful at 2025-05-25 07:06:24
[25-May-2025 07:06:24 UTC] Error [8] session_start(): Ignoring session_start() because a session is already active (started from C:\laragon\www\TuThien\config.php on line 13) on line 4 in file C:\laragon\www\TuThien\donation_history.php
[25-May-2025 07:06:24 UTC] PHP Notice:  session_start(): Ignoring session_start() because a session is already active (started from C:\laragon\www\TuThien\config.php on line 13) in C:\laragon\www\TuThien\donation_history.php on line 4
[25-May-2025 07:06:24 UTC] Session Debug - isLoggedIn: true
[25-May-2025 07:06:24 UTC] Session Debug - username: nhatanh8i
[25-May-2025 07:06:24 UTC] Session Debug - role: user
[25-May-2025 07:06:24 UTC] Database connection successful at 2025-05-25 07:06:24
[25-May-2025 07:06:26 UTC] Database connection successful at 2025-05-25 07:06:26
[25-May-2025 07:06:26 UTC] Database connection successful at 2025-05-25 07:06:26
[25-May-2025 07:06:26 UTC] Database connection successful at 2025-05-25 07:06:26
[25-May-2025 07:06:26 UTC] Database connection successful at 2025-05-25 07:06:26
[25-May-2025 07:06:27 UTC] Database connection successful at 2025-05-25 07:06:27
[25-May-2025 07:06:28 UTC] Database connection successful at 2025-05-25 07:06:28
[25-May-2025 07:06:28 UTC] Database connection successful at 2025-05-25 07:06:28
[25-May-2025 07:06:33 UTC] Database connection successful at 2025-05-25 07:06:33
[25-May-2025 07:06:33 UTC] Database connection successful at 2025-05-25 07:06:33
[25-May-2025 07:06:34 UTC] Database connection successful at 2025-05-25 07:06:34
[25-May-2025 07:06:35 UTC] Database connection successful at 2025-05-25 07:06:35
[25-May-2025 07:06:35 UTC] Database connection successful at 2025-05-25 07:06:35
[25-May-2025 07:06:37 UTC] Database connection successful at 2025-05-25 07:06:37
[25-May-2025 07:06:39 UTC] Database connection successful at 2025-05-25 07:06:39
[25-May-2025 07:06:39 UTC] Error [2] Undefined variable $redirect on line 44 in file C:\laragon\www\TuThien\login_process.php
[25-May-2025 07:06:39 UTC] PHP Warning:  Undefined variable $redirect in C:\laragon\www\TuThien\login_process.php on line 44
[25-May-2025 07:06:40 UTC] Database connection successful at 2025-05-25 07:06:40
[25-May-2025 07:06:40 UTC] Database connection successful at 2025-05-25 07:06:40
[25-May-2025 07:06:43 UTC] Database connection successful at 2025-05-25 07:06:43
[25-May-2025 07:06:43 UTC] Database connection successful at 2025-05-25 07:06:43
[25-May-2025 07:06:44 UTC] Database connection successful at 2025-05-25 07:06:44
[25-May-2025 07:06:48 UTC] Database connection successful at 2025-05-25 07:06:48
[25-May-2025 07:06:48 UTC] Error [2] Undefined variable $redirect on line 44 in file C:\laragon\www\TuThien\login_process.php
[25-May-2025 07:06:48 UTC] PHP Warning:  Undefined variable $redirect in C:\laragon\www\TuThien\login_process.php on line 44
[25-May-2025 07:06:48 UTC] Database connection successful at 2025-05-25 07:06:48
[25-May-2025 07:06:48 UTC] Database connection successful at 2025-05-25 07:06:48
[25-May-2025 07:06:52 UTC] Database connection successful at 2025-05-25 07:06:52
[25-May-2025 07:06:52 UTC] Database connection successful at 2025-05-25 07:06:52
[25-May-2025 07:06:53 UTC] Database connection successful at 2025-05-25 07:06:53
[25-May-2025 07:06:56 UTC] Database connection successful at 2025-05-25 07:06:56
[25-May-2025 07:06:57 UTC] Error [2] Undefined variable $redirect on line 44 in file C:\laragon\www\TuThien\login_process.php
[25-May-2025 07:06:57 UTC] PHP Warning:  Undefined variable $redirect in C:\laragon\www\TuThien\login_process.php on line 44
[25-May-2025 07:06:57 UTC] Database connection successful at 2025-05-25 07:06:57
[25-May-2025 07:06:57 UTC] Database connection successful at 2025-05-25 07:06:57
[25-May-2025 07:07:07 UTC] Database connection successful at 2025-05-25 07:07:07
[25-May-2025 07:07:07 UTC] Database connection successful at 2025-05-25 07:07:07
[25-May-2025 07:07:09 UTC] Database connection successful at 2025-05-25 07:07:09
[25-May-2025 07:07:11 UTC] Database connection successful at 2025-05-25 07:07:11
[25-May-2025 07:07:11 UTC] Error [2] Undefined variable $redirect on line 44 in file C:\laragon\www\TuThien\login_process.php
[25-May-2025 07:07:11 UTC] PHP Warning:  Undefined variable $redirect in C:\laragon\www\TuThien\login_process.php on line 44
[25-May-2025 07:07:12 UTC] Database connection successful at 2025-05-25 07:07:12
[25-May-2025 07:07:12 UTC] Database connection successful at 2025-05-25 07:07:12
[25-May-2025 07:07:18 UTC] Database connection successful at 2025-05-25 07:07:18
[25-May-2025 07:07:18 UTC] Database connection successful at 2025-05-25 07:07:18
[25-May-2025 07:07:19 UTC] Database connection successful at 2025-05-25 07:07:19
[25-May-2025 07:07:21 UTC] Database connection successful at 2025-05-25 07:07:21
[25-May-2025 07:07:22 UTC] Error [2] Undefined variable $redirect on line 44 in file C:\laragon\www\TuThien\login_process.php
[25-May-2025 07:07:22 UTC] PHP Warning:  Undefined variable $redirect in C:\laragon\www\TuThien\login_process.php on line 44
[25-May-2025 07:07:22 UTC] Database connection successful at 2025-05-25 07:07:22
[25-May-2025 07:07:22 UTC] Database connection successful at 2025-05-25 07:07:22
[25-May-2025 07:07:26 UTC] Database connection successful at 2025-05-25 07:07:26
[25-May-2025 07:07:26 UTC] Database connection successful at 2025-05-25 07:07:26
[25-May-2025 07:07:27 UTC] Database connection successful at 2025-05-25 07:07:27
[25-May-2025 07:07:30 UTC] Database connection successful at 2025-05-25 07:07:30
[25-May-2025 07:07:31 UTC] Error [2] Undefined variable $redirect on line 44 in file C:\laragon\www\TuThien\login_process.php
[25-May-2025 07:07:31 UTC] PHP Warning:  Undefined variable $redirect in C:\laragon\www\TuThien\login_process.php on line 44
[25-May-2025 07:07:31 UTC] Database connection successful at 2025-05-25 07:07:31
[25-May-2025 07:07:31 UTC] Database connection successful at 2025-05-25 07:07:31
[25-May-2025 07:08:03 UTC] Database connection successful at 2025-05-25 07:08:03
[25-May-2025 07:08:04 UTC] Database connection successful at 2025-05-25 07:08:04
[25-May-2025 07:08:07 UTC] Database connection successful at 2025-05-25 07:08:07
[25-May-2025 07:08:07 UTC] Database connection successful at 2025-05-25 07:08:07
[25-May-2025 07:08:11 UTC] Database connection successful at 2025-05-25 07:08:11
[25-May-2025 07:08:11 UTC] Database connection successful at 2025-05-25 07:08:11
[25-May-2025 07:08:12 UTC] Database connection successful at 2025-05-25 07:08:12
[25-May-2025 07:08:12 UTC] Error [8] session_start(): Ignoring session_start() because a session is already active (started from C:\laragon\www\TuThien\config.php on line 13) on line 4 in file C:\laragon\www\TuThien\donation_history.php
[25-May-2025 07:08:12 UTC] PHP Notice:  session_start(): Ignoring session_start() because a session is already active (started from C:\laragon\www\TuThien\config.php on line 13) in C:\laragon\www\TuThien\donation_history.php on line 4
[25-May-2025 07:08:12 UTC] Database connection successful at 2025-05-25 07:08:12
[25-May-2025 07:08:12 UTC] Database connection successful at 2025-05-25 07:08:12
[25-May-2025 07:08:14 UTC] Database connection successful at 2025-05-25 07:08:14
[25-May-2025 07:08:14 UTC] Database connection successful at 2025-05-25 07:08:14
[25-May-2025 07:08:15 UTC] Database connection successful at 2025-05-25 07:08:15
[25-May-2025 07:08:15 UTC] Database connection successful at 2025-05-25 07:08:15
[25-May-2025 07:08:16 UTC] Database connection successful at 2025-05-25 07:08:16
[25-May-2025 07:08:16 UTC] Database connection successful at 2025-05-25 07:08:16
[25-May-2025 07:08:18 UTC] Database connection successful at 2025-05-25 07:08:18
[25-May-2025 07:08:18 UTC] Database connection successful at 2025-05-25 07:08:18
[25-May-2025 07:08:18 UTC] Database connection successful at 2025-05-25 07:08:18
[25-May-2025 07:08:30 UTC] Database connection successful at 2025-05-25 07:08:30
[25-May-2025 07:08:30 UTC] Database connection successful at 2025-05-25 07:08:30
[29-May-2025 09:50:48 UTC] Database connection successful at 2025-05-29 09:50:48
[29-May-2025 09:50:55 UTC] Database connection successful at 2025-05-29 09:50:55
[29-May-2025 09:51:11 UTC] Database connection successful at 2025-05-29 09:51:11
[29-May-2025 09:51:21 UTC] Database connection successful at 2025-05-29 09:51:21
[29-May-2025 09:51:59 UTC] Database connection successful at 2025-05-29 09:51:59
[29-May-2025 09:51:59 UTC] Error [2] Undefined variable $redirect on line 44 in file C:\laragon\www\TuThien\login_process.php
[29-May-2025 09:51:59 UTC] PHP Warning:  Undefined variable $redirect in C:\laragon\www\TuThien\login_process.php on line 44
[29-May-2025 09:52:00 UTC] Database connection successful at 2025-05-29 09:52:00
[29-May-2025 09:52:00 UTC] Database connection successful at 2025-05-29 09:52:00
[29-May-2025 09:52:28 UTC] Database connection successful at 2025-05-29 09:52:28
[29-May-2025 09:52:28 UTC] Database connection successful at 2025-05-29 09:52:28
[29-May-2025 09:52:29 UTC] Database connection successful at 2025-05-29 09:52:29
[29-May-2025 09:52:33 UTC] Database connection successful at 2025-05-29 09:52:33
[29-May-2025 09:52:33 UTC] Error [2] Undefined variable $redirect on line 44 in file C:\laragon\www\TuThien\login_process.php
[29-May-2025 09:52:33 UTC] PHP Warning:  Undefined variable $redirect in C:\laragon\www\TuThien\login_process.php on line 44
[29-May-2025 09:52:34 UTC] Database connection successful at 2025-05-29 09:52:34
[29-May-2025 09:52:34 UTC] Database connection successful at 2025-05-29 09:52:34
[29-May-2025 09:52:49 UTC] Database connection successful at 2025-05-29 09:52:49
[29-May-2025 09:52:49 UTC] Database connection successful at 2025-05-29 09:52:49
[29-May-2025 09:52:57 UTC] Database connection successful at 2025-05-29 09:52:57
[29-May-2025 09:53:02 UTC] Database connection successful at 2025-05-29 09:53:02
[29-May-2025 09:53:02 UTC] Error [2] Undefined variable $redirect on line 44 in file C:\laragon\www\TuThien\login_process.php
[29-May-2025 09:53:02 UTC] PHP Warning:  Undefined variable $redirect in C:\laragon\www\TuThien\login_process.php on line 44
[29-May-2025 09:53:02 UTC] Database connection successful at 2025-05-29 09:53:02
[29-May-2025 09:53:02 UTC] Database connection successful at 2025-05-29 09:53:02
[29-May-2025 09:53:04 UTC] Database connection successful at 2025-05-29 09:53:04
[29-May-2025 09:53:06 UTC] Database connection successful at 2025-05-29 09:53:06
[29-May-2025 09:53:08 UTC] Database connection successful at 2025-05-29 09:53:08
[29-May-2025 09:53:08 UTC] Database connection successful at 2025-05-29 09:53:08
[29-May-2025 14:20:39 UTC] Database connection successful at 2025-05-29 14:20:39
[29-May-2025 14:20:39 UTC] Database connection successful at 2025-05-29 14:20:39
[29-May-2025 14:20:43 UTC] Database connection successful at 2025-05-29 14:20:43
[29-May-2025 14:20:44 UTC] Database connection successful at 2025-05-29 14:20:44
[29-May-2025 14:20:44 UTC] Error [2] Undefined variable $redirect on line 44 in file C:\laragon\www\TuThien\login_process.php
[29-May-2025 14:20:44 UTC] PHP Warning:  Undefined variable $redirect in C:\laragon\www\TuThien\login_process.php on line 44
[29-May-2025 14:20:45 UTC] Database connection successful at 2025-05-29 14:20:45
[29-May-2025 14:20:45 UTC] Database connection successful at 2025-05-29 14:20:45
[29-May-2025 14:20:47 UTC] Database connection successful at 2025-05-29 14:20:47
[29-May-2025 14:20:49 UTC] Database connection successful at 2025-05-29 14:20:49
[29-May-2025 14:20:51 UTC] Database connection successful at 2025-05-29 14:20:51
[29-May-2025 14:20:53 UTC] Database connection successful at 2025-05-29 14:20:53
[29-May-2025 14:20:53 UTC] Database connection successful at 2025-05-29 14:20:53
[29-May-2025 14:20:54 UTC] Database connection successful at 2025-05-29 14:20:54
[29-May-2025 14:20:55 UTC] Database connection successful at 2025-05-29 14:20:55
[29-May-2025 14:20:55 UTC] Database connection successful at 2025-05-29 14:20:55
[29-May-2025 14:20:56 UTC] Database connection successful at 2025-05-29 14:20:56
[29-May-2025 14:20:58 UTC] Database connection successful at 2025-05-29 14:20:58
[29-May-2025 14:20:58 UTC] Error [2] Undefined variable $redirect on line 44 in file C:\laragon\www\TuThien\login_process.php
[29-May-2025 14:20:58 UTC] PHP Warning:  Undefined variable $redirect in C:\laragon\www\TuThien\login_process.php on line 44
[29-May-2025 14:20:59 UTC] Database connection successful at 2025-05-29 14:20:59
[29-May-2025 14:20:59 UTC] Database connection successful at 2025-05-29 14:20:59
[29-May-2025 14:21:03 UTC] Database connection successful at 2025-05-29 14:21:03
[29-May-2025 14:21:03 UTC] Database connection successful at 2025-05-29 14:21:03
[29-May-2025 14:21:04 UTC] Database connection successful at 2025-05-29 14:21:04
[29-May-2025 14:21:09 UTC] Database connection successful at 2025-05-29 14:21:09
[29-May-2025 14:21:09 UTC] Error [2] Undefined variable $redirect on line 44 in file C:\laragon\www\TuThien\login_process.php
[29-May-2025 14:21:09 UTC] PHP Warning:  Undefined variable $redirect in C:\laragon\www\TuThien\login_process.php on line 44
[29-May-2025 14:21:09 UTC] Database connection successful at 2025-05-29 14:21:09
[29-May-2025 14:21:09 UTC] Database connection successful at 2025-05-29 14:21:09
[29-May-2025 14:21:29 UTC] Database connection successful at 2025-05-29 14:21:29
[29-May-2025 14:21:29 UTC] Database connection successful at 2025-05-29 14:21:29
[29-May-2025 14:21:30 UTC] Database connection successful at 2025-05-29 14:21:30
[29-May-2025 14:21:32 UTC] Database connection successful at 2025-05-29 14:21:32
[29-May-2025 14:21:32 UTC] Error [2] Undefined variable $redirect on line 44 in file C:\laragon\www\TuThien\login_process.php
[29-May-2025 14:21:32 UTC] PHP Warning:  Undefined variable $redirect in C:\laragon\www\TuThien\login_process.php on line 44
[29-May-2025 14:21:33 UTC] Database connection successful at 2025-05-29 14:21:33
[29-May-2025 14:21:33 UTC] Database connection successful at 2025-05-29 14:21:33
[29-May-2025 14:21:40 UTC] Database connection successful at 2025-05-29 14:21:40
[29-May-2025 14:21:40 UTC] Database connection successful at 2025-05-29 14:21:40
[29-May-2025 14:21:42 UTC] Database connection successful at 2025-05-29 14:21:42
[29-May-2025 14:21:44 UTC] Database connection successful at 2025-05-29 14:21:44
[29-May-2025 14:21:45 UTC] Error [2] Undefined variable $redirect on line 44 in file C:\laragon\www\TuThien\login_process.php
[29-May-2025 14:21:45 UTC] PHP Warning:  Undefined variable $redirect in C:\laragon\www\TuThien\login_process.php on line 44
[29-May-2025 14:21:45 UTC] Database connection successful at 2025-05-29 14:21:45
[29-May-2025 14:21:45 UTC] Database connection successful at 2025-05-29 14:21:45
[29-May-2025 14:21:46 UTC] Database connection successful at 2025-05-29 14:21:46
[29-May-2025 14:21:48 UTC] Database connection successful at 2025-05-29 14:21:48
[29-May-2025 14:21:49 UTC] Database connection successful at 2025-05-29 14:21:49
[29-May-2025 14:21:49 UTC] Database connection successful at 2025-05-29 14:21:49
[29-May-2025 14:21:51 UTC] Database connection successful at 2025-05-29 14:21:51
[29-May-2025 14:21:55 UTC] Database connection successful at 2025-05-29 14:21:55
[29-May-2025 14:21:55 UTC] Database connection successful at 2025-05-29 14:21:55
[29-May-2025 14:21:58 UTC] Database connection successful at 2025-05-29 14:21:58
[29-May-2025 14:21:58 UTC] Database connection successful at 2025-05-29 14:21:58
[29-May-2025 14:21:59 UTC] Database connection successful at 2025-05-29 14:21:59
[29-May-2025 14:22:00 UTC] Database connection successful at 2025-05-29 14:22:00
[29-May-2025 14:22:00 UTC] Database connection successful at 2025-05-29 14:22:00
[02-Jun-2025 08:38:32 UTC] Database connection successful at 2025-06-02 08:38:32
[02-Jun-2025 08:38:33 UTC] Database connection successful at 2025-06-02 08:38:33
[02-Jun-2025 08:38:42 UTC] Database connection successful at 2025-06-02 08:38:42
[02-Jun-2025 08:38:45 UTC] Database connection successful at 2025-06-02 08:38:45
[02-Jun-2025 08:38:45 UTC] Database connection successful at 2025-06-02 08:38:45
[02-Jun-2025 08:38:46 UTC] Database connection successful at 2025-06-02 08:38:46
[02-Jun-2025 08:38:47 UTC] Database connection successful at 2025-06-02 08:38:47
[02-Jun-2025 08:38:47 UTC] Error [2] Undefined variable $redirect on line 44 in file C:\laragon\www\TuThien\login_process.php
[02-Jun-2025 08:38:47 UTC] PHP Warning:  Undefined variable $redirect in C:\laragon\www\TuThien\login_process.php on line 44
[02-Jun-2025 08:38:48 UTC] Database connection successful at 2025-06-02 08:38:48
[02-Jun-2025 08:38:48 UTC] Database connection successful at 2025-06-02 08:38:48
[02-Jun-2025 08:38:49 UTC] Database connection successful at 2025-06-02 08:38:49
[02-Jun-2025 08:39:00 UTC] Database connection successful at 2025-06-02 08:39:00
[02-Jun-2025 08:39:03 UTC] Database connection successful at 2025-06-02 08:39:03
[02-Jun-2025 08:39:04 UTC] Database connection successful at 2025-06-02 08:39:04
[02-Jun-2025 08:39:04 UTC] Database connection successful at 2025-06-02 08:39:04
[02-Jun-2025 08:39:05 UTC] Database connection successful at 2025-06-02 08:39:05
